<?xml version="1.0" encoding="UTF-8"?>
<testng-results ignored="0" total="1" passed="1" failed="0" skipped="0">
  <reporter-output>
    <line>
      <![CDATA[<div "result">user is able to navigate to url (PASSED : 8s)</div>]]>
    </line>
    <line>
      <![CDATA[<div "result">user logs in as &quot;standard_user&quot; and &quot;PasswordManger&quot; (PASSED : 0s)</div>]]>
    </line>
    <line>
      <![CDATA[<div "result">user navigates to the dashboard and verifies title (PASSED : 0s)</div>]]>
    </line>
  </reporter-output>
  <suite started-at="2024-02-23T14:47:42 IST" name="Default suite" finished-at="2024-02-23T14:47:54 IST" duration-ms="11331">
    <groups>
      <group name="cucumber">
        <method signature="AbstractTestNGCucumberTests.runScenario(cucumber.api.testng.PickleEventWrapper,cucumber.api.testng.CucumberFeatureWrapper)[pri:0, instance:testRunner.MyTestRunner@4aa3d36]" name="runScenario" class="cucumber.api.testng.AbstractTestNGCucumberTests"/>
      </group> <!-- cucumber -->
    </groups>
    <test started-at="2024-02-23T14:47:42 IST" name="Default test" finished-at="2024-02-23T14:47:54 IST" duration-ms="11331">
      <class name="testRunner.MyTestRunner">
        <test-method is-config="true" signature="setUpClass()[pri:0, instance:testRunner.MyTestRunner@4aa3d36]" started-at="2024-02-23T14:47:43 IST" name="setUpClass" finished-at="2024-02-23T14:47:43 IST" duration-ms="705" status="PASS">
          <reporter-output>
          </reporter-output>
        </test-method> <!-- setUpClass -->
        <test-method signature="runScenario(cucumber.api.testng.PickleEventWrapper,cucumber.api.testng.CucumberFeatureWrapper)[pri:0, instance:testRunner.MyTestRunner@4aa3d36]" started-at="2024-02-23T14:47:44 IST" name="runScenario" description="Runs Cucumber Scenarios" data-provider="scenarios" finished-at="2024-02-23T14:47:54 IST" duration-ms="10160" status="PASS">
          <params>
            <param index="0">
              <value>
                <![CDATA["Login Page Title"]]>
              </value>
            </param>
            <param index="1">
              <value>
                <![CDATA["Login Page feature"]]>
              </value>
            </param>
          </params>
          <reporter-output>
            <line>
              <![CDATA[<div "result">user is able to navigate to url (PASSED : 8s)</div>]]>
            </line>
            <line>
              <![CDATA[<div "result">user logs in as &quot;standard_user&quot; and &quot;PasswordManger&quot; (PASSED : 0s)</div>]]>
            </line>
            <line>
              <![CDATA[<div "result">user navigates to the dashboard and verifies title (PASSED : 0s)</div>]]>
            </line>
          </reporter-output>
        </test-method> <!-- runScenario -->
        <test-method is-config="true" signature="tearDownClass()[pri:0, instance:testRunner.MyTestRunner@4aa3d36]" started-at="2024-02-23T14:47:54 IST" name="tearDownClass" finished-at="2024-02-23T14:47:54 IST" duration-ms="17" status="PASS">
          <reporter-output>
          </reporter-output>
        </test-method> <!-- tearDownClass -->
      </class> <!-- testRunner.MyTestRunner -->
    </test> <!-- Default test -->
  </suite> <!-- Default suite -->
</testng-results>
